This is pdfTeXk, Version 3.1415926-1.40.9 (Web2C 7.5.7) (format=pdflatex 2008.9.24)  10 SEP 2014 09:15
entering extended mode
\write18 enabled.
 %&-line parsing enabled.
**tracking.groundstation.budget.tex
(./tracking.groundstation.budget.tex
LaTeX2e <2005/12/01>
Babel <v3.8l> and hyphenation patterns for english, usenglishmax, dumylang, noh
yphenation, german-x-2008-06-18, ngerman-x-2008-06-18, ancientgreek, ibycus, ar
abic, basque, bulgarian, catalan, pinyin, coptic, croatian, czech, danish, dutc
h, esperanto, estonian, farsi, finnish, french, galician, german, ngerman, mono
greek, greek, hungarian, icelandic, indonesian, interlingua, irish, italian, la
tin, mongolian, mongolian2a, bokmal, nynorsk, polish, portuguese, romanian, rus
sian, sanskrit, serbian, slovak, slovenian, spanish, swedish, turkish, ukenglis
h, ukrainian, uppersorbian, welsh, loaded.
(/usr/local/texlive/2008/texmf-dist/tex/latex/base/article.cls
Document Class: article 2005/09/16 v1.4f Standard LaTeX document class
(/usr/local/texlive/2008/texmf-dist/tex/latex/base/size11.clo
File: size11.clo 2005/09/16 v1.4f Standard LaTeX file (size option)
)
\c@part=\count79
\c@section=\count80
\c@subsection=\count81
\c@subsubsection=\count82
\c@paragraph=\count83
\c@subparagraph=\count84
\c@figure=\count85
\c@table=\count86
\abovecaptionskip=\skip41
\belowcaptionskip=\skip42
\bibindent=\dimen102
) (./flags.tex)
(./header.tex (/usr/local/texlive/2008/texmf-dist/tex/latex/ucs/ucs.sty
Package: ucs 2004/10/17 UCS: Unicode input support

(/usr/local/texlive/2008/texmf-dist/tex/latex/ucs/data/uni-global.def
File: uni-global.def 2004/10/17 UCS: Unicode global data
)
\uc@secondtry=\count87
\uc@combtoks=\toks14
\uc@combtoksb=\toks15
\uc@temptokena=\toks16
)
(/usr/local/texlive/2008/texmf-dist/tex/latex/base/inputenc.sty
Package: inputenc 2006/05/05 v1.1b Input encoding file
\inpenc@prehook=\toks17
\inpenc@posthook=\toks18

(/usr/local/texlive/2008/texmf-dist/tex/latex/ucs/utf8x.def
File: utf8x.def 2004/10/17 UCS: Input encoding UTF-8
))
(/usr/local/texlive/2008/texmf-dist/tex/generic/babel/babel.sty
Package: babel 2008/07/06 v3.8l The Babel package

(/usr/local/texlive/2008/texmf-dist/tex/generic/babel/english.ldf
Language: english 2005/03/30 v3.3o English support from the babel system

(/usr/local/texlive/2008/texmf-dist/tex/generic/babel/babel.def
File: babel.def 2008/07/06 v3.8l Babel common definitions
\babel@savecnt=\count88
\U@D=\dimen103
)
\l@canadian = a dialect from \language\l@american 
\l@australian = a dialect from \language\l@british 
\l@newzealand = a dialect from \language\l@british 
))
(/usr/local/texlive/2008/texmf-dist/tex/latex/ltxmisc/url.sty
\Urlmuskip=\muskip10
Package: url 2006/04/12  ver 3.3  Verb mode for urls, etc.
)
(/usr/local/texlive/2008/texmf-dist/tex/latex/amsmath/amsmath.sty
Package: amsmath 2000/07/18 v2.13 AMS math features
\@mathmargin=\skip43

For additional information on amsmath, use the `?' option.
(/usr/local/texlive/2008/texmf-dist/tex/latex/amsmath/amstext.sty
Package: amstext 2000/06/29 v2.01

(/usr/local/texlive/2008/texmf-dist/tex/latex/amsmath/amsgen.sty
File: amsgen.sty 1999/11/30 v2.0
\@emptytoks=\toks19
\ex@=\dimen104
))
(/usr/local/texlive/2008/texmf-dist/tex/latex/amsmath/amsbsy.sty
Package: amsbsy 1999/11/29 v1.2d
\pmbraise@=\dimen105
)
(/usr/local/texlive/2008/texmf-dist/tex/latex/amsmath/amsopn.sty
Package: amsopn 1999/12/14 v2.01 operator names
)
\inf@bad=\count89
LaTeX Info: Redefining \frac on input line 211.
\uproot@=\count90
\leftroot@=\count91
LaTeX Info: Redefining \overline on input line 307.
\classnum@=\count92
\DOTSCASE@=\count93
LaTeX Info: Redefining \ldots on input line 379.
LaTeX Info: Redefining \dots on input line 382.
LaTeX Info: Redefining \cdots on input line 467.
\Mathstrutbox@=\box26
\strutbox@=\box27
\big@size=\dimen106
LaTeX Font Info:    Redeclaring font encoding OML on input line 567.
LaTeX Font Info:    Redeclaring font encoding OMS on input line 568.
\macc@depth=\count94
\c@MaxMatrixCols=\count95
\dotsspace@=\muskip11
\c@parentequation=\count96
\dspbrk@lvl=\count97
\tag@help=\toks20
\row@=\count98
\column@=\count99
\maxfields@=\count100
\andhelp@=\toks21
\eqnshift@=\dimen107
\alignsep@=\dimen108
\tagshift@=\dimen109
\tagwidth@=\dimen110
\totwidth@=\dimen111
\lineht@=\dimen112
\@envbody=\toks22
\multlinegap=\skip44
\multlinetaggap=\skip45
\mathdisplay@stack=\toks23
LaTeX Info: Redefining \[ on input line 2666.
LaTeX Info: Redefining \] on input line 2667.
)
(/usr/local/texlive/2008/texmf-dist/tex/latex/wasysym/wasysym.sty
Package: wasysym 2003/10/30 v2.0 Wasy-2 symbol support package
\symwasy=\mathgroup4
LaTeX Font Info:    Overwriting symbol font `wasy' in version `bold'
(Font)                  U/wasy/m/n --> U/wasy/b/n on input line 90.
)
(/usr/local/texlive/2008/texmf-dist/tex/latex/mathdesign/mathdesign.sty
Package: mathdesign 2006/01/29 v1.55 Math Design Project

(/usr/local/texlive/2008/texmf-dist/tex/latex/graphics/keyval.sty
Package: keyval 1999/03/16 v1.13 key=value parser (DPC)
\KV@toks@=\toks24
)
(/usr/local/texlive/2008/texmf-dist/tex/latex/base/ifthen.sty
Package: ifthen 2001/05/26 v1.1c Standard LaTeX ifthen package (DPC)
)
(/usr/local/texlive/2008/texmf-dist/tex/latex/mathdesign/mdput/mdput.cfg)
(/usr/local/texlive/2008/texmf-dist/tex/latex/mathdesign/mdput/mdput.sty
Package: mdput 2006/01/29 v1.55 adobe utopia + mdput (Math Design Project)

(/usr/local/texlive/2008/texmf-dist/tex/latex/mathdesign/mdfont.def
File: mdfont.def 2006/01/29 v1.55 (Math Design Project)
)
(/usr/local/texlive/2008/texmf-dist/tex/latex/mathdesign/mdsffont.def
File: mdsffont.def 2006/01/29 v1.55 (Math Design Project)
)
(/usr/local/texlive/2008/texmf-dist/tex/latex/mathdesign/mdttfont.def
File: mdttfont.def 2006/01/29 v1.55 (Math Design Project)
)
\symmdcal=\mathgroup5
LaTeX Font Info:    Overwriting symbol font `mdcal' in version `bold'
(Font)                  OMS/mdput/m/n --> OMS/mdput/b/n on input line 89.
\symmdscr=\mathgroup6
LaTeX Font Info:    Overwriting symbol font `mdscr' in version `bold'
(Font)                  OMS/mdput/m/n --> OMS/mdput/b/n on input line 95.
LaTeX Font Info:    Overwriting math alphabet `\mathfrak' in version `bold'
(Font)                  U/xmdeuf/m/n --> U/xmdeuf/b/n on input line 102.
LaTeX Font Info:    Try loading font information for OT1+mdput on input line 11
1.

(/usr/local/texlive/2008/texmf-dist/tex/latex/mathdesign/mdput/ot1mdput.fd
File: ot1mdput.fd 2006/01/29 Fontinst v1.928 font definitions for OT1/mdput.
)
LaTeX Font Info:    Font shape `OT1/mdput/m/n' will be
(Font)              scaled to size 10.07397pt on input line 111.
LaTeX Font Info:    Overwriting symbol font `operators' in version `normal'
(Font)                  OT1/cmr/m/n --> OT1/mdput/m/n on input line 114.
LaTeX Font Info:    Overwriting symbol font `letters' in version `normal'
(Font)                  OML/cmm/m/it --> OML/mdput/m/it on input line 115.
LaTeX Font Info:    Overwriting symbol font `symbols' in version `normal'
(Font)                  OMS/cmsy/m/n --> OMS/mdput/m/n on input line 116.
LaTeX Font Info:    Overwriting symbol font `largesymbols' in version `normal'
(Font)                  OMX/cmex/m/n --> OMX/mdput/m/n on input line 117.
LaTeX Font Info:    Overwriting symbol font `operators' in version `bold'
(Font)                  OT1/cmr/bx/n --> OT1/mdput/b/n on input line 119.
LaTeX Font Info:    Overwriting symbol font `letters' in version `bold'
(Font)                  OML/cmm/b/it --> OML/mdput/b/it on input line 120.
LaTeX Font Info:    Overwriting symbol font `symbols' in version `bold'
(Font)                  OMS/cmsy/b/n --> OMS/mdput/b/n on input line 121.
LaTeX Font Info:    Overwriting symbol font `largesymbols' in version `bold'
(Font)                  OMX/cmex/m/n --> OMX/mdput/b/n on input line 122.
LaTeX Font Info:    Overwriting math alphabet `\mathrm' in version `normal'
(Font)                  OT1/mdput/m/n --> OT1/mdput/m/n on input line 124.
LaTeX Font Info:    Overwriting math alphabet `\mathbf' in version `normal'
(Font)                  OT1/cmr/bx/n --> OT1/mdput/b/n on input line 125.
LaTeX Font Info:    Overwriting math alphabet `\mathit' in version `normal'
(Font)                  OT1/cmr/m/it --> OT1/mdput/m/it on input line 126.
LaTeX Font Info:    Overwriting math alphabet `\mathsf' in version `normal'
(Font)                  OT1/cmss/m/n --> OT1/cmss/m/n on input line 127.
LaTeX Font Info:    Overwriting math alphabet `\mathtt' in version `normal'
(Font)                  OT1/cmtt/m/n --> OT1/cmtt/m/n on input line 128.
LaTeX Font Info:    Overwriting math alphabet `\mathcal' in version `normal'
(Font)                  OMS/mdput/m/n --> OMS/mdput/m/n on input line 132.
LaTeX Font Info:    Overwriting math alphabet `\mathrm' in version `bold'
(Font)                  OT1/mdput/b/n --> OT1/mdput/b/n on input line 137.
LaTeX Font Info:    Overwriting math alphabet `\mathbf' in version `bold'
(Font)                  OT1/cmr/bx/n --> OT1/mdput/b/n on input line 138.
LaTeX Font Info:    Overwriting math alphabet `\mathit' in version `bold'
(Font)                  OT1/cmr/bx/it --> OT1/mdput/b/it on input line 139.
LaTeX Font Info:    Overwriting math alphabet `\mathsf' in version `bold'
(Font)                  OT1/cmss/bx/n --> OT1/cmss/b/n on input line 140.
LaTeX Font Info:    Overwriting math alphabet `\mathtt' in version `bold'
(Font)                  OT1/cmtt/m/n --> OT1/cmtt/b/n on input line 141.
LaTeX Font Info:    Redeclaring math accent \widetilde on input line 153.
LaTeX Font Info:    Redeclaring math accent \widehat on input line 154.
\symlettersupright=\mathgroup7
LaTeX Font Info:    Overwriting symbol font `lettersupright' in version `bold'
(Font)                  OML/mdput/m/n --> OML/mdput/b/n on input line 190.
LaTeX Font Info:    Redeclaring math alphabet \mathrm on input line 193.
\symmathdesignA=\mathgroup8
LaTeX Font Info:    Overwriting symbol font `mathdesignA' in version `bold'
(Font)                  MDA/mdput/m/n --> MDA/mdput/b/n on input line 382.
LaTeX Font Info:    Redeclaring math accent \widetilde on input line 421.
LaTeX Font Info:    Redeclaring math accent \widehat on input line 422.
\symmathdesignB=\mathgroup9
LaTeX Font Info:    Overwriting symbol font `mathdesignB' in version `bold'
(Font)                  MDB/mdput/m/n --> MDB/mdput/b/n on input line 685.
)
(/usr/local/texlive/2008/texmf-dist/tex/latex/base/fontenc.sty
Package: fontenc 2005/09/27 v1.99g Standard LaTeX package

(/usr/local/texlive/2008/texmf-dist/tex/latex/base/t1enc.def
File: t1enc.def 2005/09/27 v1.99g Standard LaTeX file
LaTeX Font Info:    Redeclaring font encoding T1 on input line 43.
)
LaTeX Font Info:    Try loading font information for T1+mdput on input line 100
.

(/usr/local/texlive/2008/texmf-dist/tex/latex/mathdesign/mdput/t1mdput.fd
File: t1mdput.fd 2006/01/29 Fontinst v1.928 font definitions for T1/mdput.
)
LaTeX Font Info:    Font shape `T1/mdput/m/n' will be
(Font)              scaled to size 10.07397pt on input line 100.
))
(/usr/local/texlive/2008/texmf-dist/tex/latex/tools/multicol.sty
Package: multicol 2006/05/18 v1.6g multicolumn formatting (FMi)
\c@tracingmulticols=\count101
\mult@box=\box28
\multicol@leftmargin=\dimen113
\c@unbalance=\count102
\c@collectmore=\count103
\doublecol@number=\count104
\multicoltolerance=\count105
\multicolpretolerance=\count106
\full@width=\dimen114
\page@free=\dimen115
\premulticols=\dimen116
\postmulticols=\dimen117
\multicolsep=\skip46
\multicolbaselineskip=\skip47
\partial@page=\box29
\last@line=\box30
\mult@rightbox=\box31
\mult@grightbox=\box32
\mult@gfirstbox=\box33
\mult@firstbox=\box34
\@tempa=\box35
\@tempa=\box36
\@tempa=\box37
\@tempa=\box38
\@tempa=\box39
\@tempa=\box40
\@tempa=\box41
\@tempa=\box42
\@tempa=\box43
\@tempa=\box44
\@tempa=\box45
\@tempa=\box46
\@tempa=\box47
\@tempa=\box48
\@tempa=\box49
\@tempa=\box50
\@tempa=\box51
\c@columnbadness=\count107
\c@finalcolumnbadness=\count108
\last@try=\dimen118
\multicolovershoot=\dimen119
\multicolundershoot=\dimen120
\mult@nat@firstbox=\box52
\colbreak@box=\box53
)
(/usr/local/texlive/2008/texmf-dist/tex/latex/multirow/multirow.sty
\bigstrutjot=\dimen121
)
(/usr/local/texlive/2008/texmf-dist/tex/latex/type1cm/type1cm.sty
Package: type1cm 2002/09/05 v0.04 BlueSky/Y&Y Type1 CM font definitions (DPC, p
atched RF)
)
(/usr/local/texlive/2008/texmf-dist/tex/latex/ltxmisc/chngcntr.sty
Package: chngcntr 2001/03/30 v1.0 change counter resetting
)
(/usr/local/texlive/2008/texmf-dist/tex/latex/tools/bm.sty
Package: bm 2004/02/26 v1.1c Bold Symbol Support (DPC/FMi)
\symboldoperators=\mathgroup10
\symboldletters=\mathgroup11
\symboldsymbols=\mathgroup12
\symboldlargesymbols=\mathgroup13
LaTeX Font Info:    Redeclaring math alphabet \mathbf on input line 137.
LaTeX Info: Redefining \bm on input line 203.
)
(/usr/local/texlive/2008/texmf-dist/tex/latex/oberdiek/grffile.sty
Package: grffile 2008/08/11 v1.8 Extended file name support for graphics (HO)

(/usr/local/texlive/2008/texmf-dist/tex/generic/oberdiek/ifpdf.sty
Package: ifpdf 2007/12/12 v1.6 Provides the ifpdf switch (HO)
Package ifpdf Info: pdfTeX in pdf mode detected.
)
(/usr/local/texlive/2008/texmf-dist/tex/latex/oberdiek/kvoptions.sty
Package: kvoptions 2007/10/18 v3.0 Keyval support for LaTeX options (HO)
)
(/usr/local/texlive/2008/texmf-dist/tex/generic/oberdiek/pdftexcmds.sty
Package: pdftexcmds 2007/12/12 v0.3 LuaTeX support for pdfTeX utility functions
 (HO)

(/usr/local/texlive/2008/texmf-dist/tex/generic/oberdiek/infwarerr.sty
Package: infwarerr 2007/09/09 v1.2 Providing info/warning/message (HO)
)
Package pdftexcmds Info: LuaTeX not detected on input line 139.
)
(/usr/local/texlive/2008/texmf-dist/tex/latex/graphics/graphics.sty
Package: graphics 2006/02/20 v1.0o Standard LaTeX Graphics (DPC,SPQR)

(/usr/local/texlive/2008/texmf-dist/tex/latex/graphics/trig.sty
Package: trig 1999/03/16 v1.09 sin cos tan (DPC)
)
(/usr/local/texlive/2008/texmf/tex/latex/config/graphics.cfg
File: graphics.cfg 2007/01/18 v1.5 graphics configuration of teTeX/TeXLive
)
Package graphics Info: Driver file: pdftex.def on input line 90.

(/usr/local/texlive/2008/texmf-dist/tex/latex/pdftex-def/pdftex.def
File: pdftex.def 2008/07/16 v0.04k Graphics/color for pdfTeX
\Gread@gobject=\count109
))
Package grffile Info: Option `multidot' is set to `true'.
Package grffile Info: Option `extendedchars' is set to `false'.
Package grffile Info: Option `space' is set to `true'.
)
(/usr/local/texlive/2008/texmf-dist/tex/latex/subfig/subfig.sty
Package: subfig 2005/06/28 ver: 1.3 subfig package

(/usr/local/texlive/2008/texmf-dist/tex/latex/caption/caption.sty
Package: caption 2008/04/01 v3.1h Customizing captions (AR)

(/usr/local/texlive/2008/texmf-dist/tex/latex/caption/caption3.sty
Package: caption3 2008/03/20 v3.1h caption3 kernel (AR)
\captionmargin=\dimen122
\captionmargin@=\dimen123
\captionwidth=\dimen124
\caption@indent=\dimen125
\caption@parindent=\dimen126
\caption@hangindent=\dimen127
)
\c@ContinuedFloat=\count110
)
\c@KVtest=\count111
\sf@farskip=\skip48
\sf@captopadj=\dimen128
\sf@capskip=\skip49
\sf@nearskip=\skip50
\c@subfigure=\count112
\c@subfigure@save=\count113
\c@lofdepth=\count114
\c@subtable=\count115
\c@subtable@save=\count116
\c@lotdepth=\count117
\sf@top=\skip51
\sf@bottom=\skip52
)
(/usr/local/texlive/2008/texmf-dist/tex/latex/acronym/acronym.sty
Package: acronym 2008/05/28 v1.32 Support for acronyms (Tobias Oetiker)

(/usr/local/texlive/2008/texmf-dist/tex/latex/bigfoot/suffix.sty
Package: suffix 2006/07/15 1.5 Variant command support
)
\AC@clearlist=\toks25
)
(/usr/local/texlive/2008/texmf-dist/tex/latex/placeins/placeins.sty
Package: placeins 2005/04/18  v 2.2
)
(/usr/local/texlive/2008/texmf-dist/tex/latex/ltxmisc/ulem.sty
\UL@box=\box54
\UL@hyphenbox=\box55
\UL@skip=\skip53
\UL@hook=\toks26
\UL@pe=\count118
\UL@pixel=\dimen129
\ULC@box=\box56
Package: ulem 2000/05/26
\ULdepth=\dimen130
)
(/usr/local/texlive/2008/texmf-dist/tex/latex/oberdiek/refcount.sty
Package: refcount 2008/08/11 v3.1 Data extraction from references (HO)
)
(/usr/local/texlive/2008/texmf-dist/tex/latex/tools/array.sty
Package: array 2005/08/23 v2.4b Tabular extension package (FMi)
\col@sep=\dimen131
\extrarowheight=\dimen132
\NC@list=\toks27
\extratabsurround=\skip54
\backup@length=\skip55
)
(/usr/local/texlive/2008/texmf-dist/tex/latex/pgf/frontendlayer/tikz.sty
(/usr/local/texlive/2008/texmf-dist/tex/latex/pgf/basiclayer/pgf.sty
(/usr/local/texlive/2008/texmf-dist/tex/latex/pgf/utilities/pgfrcs.sty
(/usr/local/texlive/2008/texmf-dist/tex/generic/pgf/utilities/pgfutil-common.te
x
\pgfutil@everybye=\toks28
)
(/usr/local/texlive/2008/texmf-dist/tex/generic/pgf/utilities/pgfutil-latex.def
) (/usr/local/texlive/2008/texmf-dist/tex/generic/pgf/utilities/pgfrcs.code.tex
Package: pgfrcs 2008/02/20 v2.00 (rcs-revision 1.21)
))
Package: pgf 2008/01/15 v2.00 (rcs-revision 1.12)
 (/usr/local/texlive/2008/texmf-dist/tex/latex/pgf/basiclayer/pgfcore.sty
(/usr/local/texlive/2008/texmf-dist/tex/latex/graphics/graphicx.sty
Package: graphicx 1999/02/16 v1.0f Enhanced LaTeX Graphics (DPC,SPQR)
\Gin@req@height=\dimen133
\Gin@req@width=\dimen134
)
(/usr/local/texlive/2008/texmf-dist/tex/latex/pgf/systemlayer/pgfsys.sty
(/usr/local/texlive/2008/texmf-dist/tex/generic/pgf/systemlayer/pgfsys.code.tex
Package: pgfsys 2008/02/07 v2.00 (rcs-revision 1.31)
(/usr/local/texlive/2008/texmf-dist/tex/generic/pgf/utilities/pgfkeys.code.tex
\pgfkeys@pathtoks=\toks29
\pgfkeys@temptoks=\toks30
)
\pgf@x=\dimen135
\pgf@y=\dimen136
\pgf@xa=\dimen137
\pgf@ya=\dimen138
\pgf@xb=\dimen139
\pgf@yb=\dimen140
\pgf@xc=\dimen141
\pgf@yc=\dimen142
\c@pgf@counta=\count119
\c@pgf@countb=\count120
\c@pgf@countc=\count121
\c@pgf@countd=\count122
(/usr/local/texlive/2008/texmf-dist/tex/generic/pgf/systemlayer/pgf.cfg
File: pgf.cfg 2008/01/13  (rcs-revision 1.6)
)
Package pgfsys Info: Driver file for pgf: pgfsys-pdftex.def on input line 885.

(/usr/local/texlive/2008/texmf-dist/tex/generic/pgf/systemlayer/pgfsys-pdftex.d
ef
File: pgfsys-pdftex.def 2007/12/20  (rcs-revision 1.20)

(/usr/local/texlive/2008/texmf-dist/tex/generic/pgf/systemlayer/pgfsys-common-p
df.def
File: pgfsys-common-pdf.def 2007/12/17  (rcs-revision 1.8)
)))
(/usr/local/texlive/2008/texmf-dist/tex/generic/pgf/systemlayer/pgfsyssoftpath.
code.tex
File: pgfsyssoftpath.code.tex 2008/01/23  (rcs-revision 1.6)
\pgfsyssoftpath@smallbuffer@items=\count123
\pgfsyssoftpath@bigbuffer@items=\count124
)
(/usr/local/texlive/2008/texmf-dist/tex/generic/pgf/systemlayer/pgfsysprotocol.
code.tex
File: pgfsysprotocol.code.tex 2006/10/16  (rcs-revision 1.4)
)) (/usr/local/texlive/2008/texmf-dist/tex/latex/xcolor/xcolor.sty
Package: xcolor 2007/01/21 v2.11 LaTeX color extensions (UK)

(/usr/local/texlive/2008/texmf/tex/latex/config/color.cfg
File: color.cfg 2007/01/18 v1.5 color configuration of teTeX/TeXLive
)
Package xcolor Info: Driver file: pdftex.def on input line 225.
Package xcolor Info: Model `cmy' substituted by `cmy0' on input line 1337.
Package xcolor Info: Model `hsb' substituted by `rgb' on input line 1341.
Package xcolor Info: Model `RGB' extended on input line 1353.
Package xcolor Info: Model `HTML' substituted by `rgb' on input line 1355.
Package xcolor Info: Model `Hsb' substituted by `hsb' on input line 1356.
Package xcolor Info: Model `tHsb' substituted by `hsb' on input line 1357.
Package xcolor Info: Model `HSB' substituted by `hsb' on input line 1358.
Package xcolor Info: Model `Gray' substituted by `gray' on input line 1359.
Package xcolor Info: Model `wave' substituted by `hsb' on input line 1360.
)
(/usr/local/texlive/2008/texmf-dist/tex/generic/pgf/basiclayer/pgfcore.code.tex
Package: pgfcore 2008/01/15 v2.00 (rcs-revision 1.6)
(/usr/local/texlive/2008/texmf-dist/tex/generic/pgf/math/pgfmath.code.tex
(/usr/local/texlive/2008/texmf-dist/tex/generic/pgf/math/pgfmathcalc.code.tex
(/usr/local/texlive/2008/texmf-dist/tex/generic/pgf/math/pgfmathutil.code.tex
\pgfmath@box=\box57
)
(/usr/local/texlive/2008/texmf-dist/tex/generic/pgf/math/pgfmathparser.code.tex
\pgfmath@stack=\toks31
\c@pgfmath@parsecounta=\count125
\c@pgfmath@parsecountb=\count126
\c@pgfmath@parsecountc=\count127
\pgfmath@parsex=\dimen143
)
(/usr/local/texlive/2008/texmf-dist/tex/generic/pgf/math/pgfmathoperations.code
.tex
(/usr/local/texlive/2008/texmf-dist/tex/generic/pgf/math/pgfmathtrig.code.tex)
(/usr/local/texlive/2008/texmf-dist/tex/generic/pgf/math/pgfmathrnd.code.tex))
(/usr/local/texlive/2008/texmf-dist/tex/generic/pgf/math/pgfmathbase.code.tex))
)
(/usr/local/texlive/2008/texmf-dist/tex/generic/pgf/basiclayer/pgfcorepoints.co
de.tex
File: pgfcorepoints.code.tex 2008/02/03  (rcs-revision 1.13)
\pgf@picminx=\dimen144
\pgf@picmaxx=\dimen145
\pgf@picminy=\dimen146
\pgf@picmaxy=\dimen147
\pgf@pathminx=\dimen148
\pgf@pathmaxx=\dimen149
\pgf@pathminy=\dimen150
\pgf@pathmaxy=\dimen151
\pgf@xx=\dimen152
\pgf@xy=\dimen153
\pgf@yx=\dimen154
\pgf@yy=\dimen155
\pgf@zx=\dimen156
\pgf@zy=\dimen157
)
(/usr/local/texlive/2008/texmf-dist/tex/generic/pgf/basiclayer/pgfcorepathconst
ruct.code.tex
File: pgfcorepathconstruct.code.tex 2008/02/13  (rcs-revision 1.14)
\pgf@path@lastx=\dimen158
\pgf@path@lasty=\dimen159
)
(/usr/local/texlive/2008/texmf-dist/tex/generic/pgf/basiclayer/pgfcorepathusage
.code.tex
File: pgfcorepathusage.code.tex 2008/01/23  (rcs-revision 1.11)
\pgf@shorten@end@additional=\dimen160
\pgf@shorten@start@additional=\dimen161
)
(/usr/local/texlive/2008/texmf-dist/tex/generic/pgf/basiclayer/pgfcorescopes.co
de.tex
File: pgfcorescopes.code.tex 2008/01/15  (rcs-revision 1.26)
\pgfpic=\box58
\pgf@hbox=\box59
\pgf@layerbox@main=\box60
\pgf@picture@serial@count=\count128
)
(/usr/local/texlive/2008/texmf-dist/tex/generic/pgf/basiclayer/pgfcoregraphicst
ate.code.tex
File: pgfcoregraphicstate.code.tex 2007/12/12  (rcs-revision 1.8)
\pgflinewidth=\dimen162
)
(/usr/local/texlive/2008/texmf-dist/tex/generic/pgf/basiclayer/pgfcoretransform
ations.code.tex
File: pgfcoretransformations.code.tex 2008/02/04  (rcs-revision 1.10)
\pgf@pt@x=\dimen163
\pgf@pt@y=\dimen164
\pgf@pt@temp=\dimen165
)
(/usr/local/texlive/2008/texmf-dist/tex/generic/pgf/basiclayer/pgfcorequick.cod
e.tex
File: pgfcorequick.code.tex 2006/10/11  (rcs-revision 1.2)
)
(/usr/local/texlive/2008/texmf-dist/tex/generic/pgf/basiclayer/pgfcoreobjects.c
ode.tex
File: pgfcoreobjects.code.tex 2006/10/11  (rcs-revision 1.2)
)
(/usr/local/texlive/2008/texmf-dist/tex/generic/pgf/basiclayer/pgfcorepathproce
ssing.code.tex
File: pgfcorepathprocessing.code.tex 2008/01/23  (rcs-revision 1.7)
)
(/usr/local/texlive/2008/texmf-dist/tex/generic/pgf/basiclayer/pgfcorearrows.co
de.tex
File: pgfcorearrows.code.tex 2007/06/07  (rcs-revision 1.8)
)
(/usr/local/texlive/2008/texmf-dist/tex/generic/pgf/basiclayer/pgfcoreshade.cod
e.tex
File: pgfcoreshade.code.tex 2007/12/10  (rcs-revision 1.9)
\pgf@max=\dimen166
\pgf@sys@shading@range@num=\count129
)
(/usr/local/texlive/2008/texmf-dist/tex/generic/pgf/basiclayer/pgfcoreimage.cod
e.tex
File: pgfcoreimage.code.tex 2008/01/15  (rcs-revision 1.1)
\pgfexternal@startupbox=\box61
)
(/usr/local/texlive/2008/texmf-dist/tex/generic/pgf/basiclayer/pgfcorelayers.co
de.tex
File: pgfcorelayers.code.tex 2008/01/15  (rcs-revision 1.1)
)
(/usr/local/texlive/2008/texmf-dist/tex/generic/pgf/basiclayer/pgfcoretranspare
ncy.code.tex
File: pgfcoretransparency.code.tex 2008/01/17  (rcs-revision 1.2)
)
(/usr/local/texlive/2008/texmf-dist/tex/generic/pgf/basiclayer/pgfcorepatterns.
code.tex
File: pgfcorepatterns.code.tex 2008/01/15  (rcs-revision 1.1)
)))
(/usr/local/texlive/2008/texmf-dist/tex/generic/pgf/modules/pgfmoduleshapes.cod
e.tex
File: pgfmoduleshapes.code.tex 2008/02/13  (rcs-revision 1.4)
\pgfnodeparttextbox=\box62
\toks@savedmacro=\toks32
)
(/usr/local/texlive/2008/texmf-dist/tex/generic/pgf/modules/pgfmoduleplot.code.
tex
File: pgfmoduleplot.code.tex 2008/01/15  (rcs-revision 1.1)
\pgf@plotwrite=\write3
)
(/usr/local/texlive/2008/texmf-dist/tex/latex/pgf/compatibility/pgfcomp-version
-0-65.sty
Package: pgfcomp-version-0-65 2007/07/03 v2.00 (rcs-revision 1.7)
\pgf@nodesepstart=\dimen167
\pgf@nodesepend=\dimen168
)
(/usr/local/texlive/2008/texmf-dist/tex/latex/pgf/compatibility/pgfcomp-version
-1-18.sty
Package: pgfcomp-version-1-18 2007/07/23 v2.00 (rcs-revision 1.1)
))
(/usr/local/texlive/2008/texmf-dist/tex/latex/pgf/utilities/pgffor.sty
(/usr/local/texlive/2008/texmf-dist/tex/generic/pgf/utilities/pgffor.code.tex
Package: pgffor 2007/11/07 v2.00 (rcs-revision 1.8)
\pgffor@iter=\dimen169
\pgffor@skip=\dimen170
))
(/usr/local/texlive/2008/texmf-dist/tex/generic/pgf/frontendlayer/tikz/tikz.cod
e.tex
Package: tikz 2008/02/13 v2.00 (rcs-revision 1.27)

(/usr/local/texlive/2008/texmf-dist/tex/generic/pgf/libraries/pgflibraryplothan
dlers.code.tex
File: pgflibraryplothandlers.code.tex 2007/03/09 v2.00 (rcs-revision 1.9)
\pgf@plot@mark@count=\count130
\pgfplotmarksize=\dimen171
)
\tikz@lastx=\dimen172
\tikz@lasty=\dimen173
\tikz@lastxsaved=\dimen174
\tikz@lastysaved=\dimen175
\tikzleveldistance=\dimen176
\tikzsiblingdistance=\dimen177
\tikz@figbox=\box63
\tikz@tempbox=\box64
\tikztreelevel=\count131
\tikznumberofchildren=\count132
\tikznumberofcurrentchild=\count133
\tikz@fig@count=\count134

(/usr/local/texlive/2008/texmf-dist/tex/generic/pgf/modules/pgfmodulematrix.cod
e.tex
File: pgfmodulematrix.code.tex 2008/01/15  (rcs-revision 1.1)
\pgfmatrixcurrentrow=\count135
\pgfmatrixcurrentcolumn=\count136
\pgf@matrix@numberofcolumns=\count137
)
\tikz@expandcount=\count138

(/usr/local/texlive/2008/texmf-dist/tex/generic/pgf/frontendlayer/tikz/librarie
s/tikzlibrarytopaths.code.tex
File: tikzlibrarytopaths.code.tex 2008/01/09 v2.00 (rcs-revision 1.1)
)))
(/usr/local/texlive/2008/texmf-dist/tex/generic/pgf/frontendlayer/tikz/librarie
s/tikzlibraryshapes.code.tex
File: tikzlibraryshapes.code.tex 2008/01/09 v2.00 (rcs-revision 1.1)

(/usr/local/texlive/2008/texmf-dist/tex/generic/pgf/frontendlayer/tikz/librarie
s/tikzlibraryshapes.geometric.code.tex
File: tikzlibraryshapes.geometric.code.tex 2008/01/09 v2.00 (rcs-revision 1.1)

(/usr/local/texlive/2008/texmf-dist/tex/generic/pgf/libraries/pgflibraryshapes.
geometric.code.tex
File: pgflibraryshapes.geometric.code.tex 2008/02/01 v2.00 (rcs-revision 1.22)
))
(/usr/local/texlive/2008/texmf-dist/tex/generic/pgf/frontendlayer/tikz/librarie
s/tikzlibraryshapes.misc.code.tex
File: tikzlibraryshapes.misc.code.tex 2008/01/09 v2.00 (rcs-revision 1.1)

(/usr/local/texlive/2008/texmf-dist/tex/generic/pgf/libraries/pgflibraryshapes.
misc.code.tex
File: pgflibraryshapes.misc.code.tex 2008/02/12 v2.00 (rcs-revision 1.10)
))
(/usr/local/texlive/2008/texmf-dist/tex/generic/pgf/frontendlayer/tikz/librarie
s/tikzlibraryshapes.symbols.code.tex
File: tikzlibraryshapes.symbols.code.tex 2008/01/09 v2.00 (rcs-revision 1.1)

(/usr/local/texlive/2008/texmf-dist/tex/generic/pgf/libraries/pgflibraryshapes.
symbols.code.tex
File: pgflibraryshapes.symbols.code.tex 2008/01/30 v2.00 (rcs-revision 1.13)
))
(/usr/local/texlive/2008/texmf-dist/tex/generic/pgf/frontendlayer/tikz/librarie
s/tikzlibraryshapes.arrows.code.tex
File: tikzlibraryshapes.arrows.code.tex 2008/01/09 v2.00 (rcs-revision 1.1)

(/usr/local/texlive/2008/texmf-dist/tex/generic/pgf/libraries/pgflibraryshapes.
arrows.code.tex
File: pgflibraryshapes.arrows.code.tex 2007/11/10 v2.00 (rcs-revision 1.3)
))
(/usr/local/texlive/2008/texmf-dist/tex/generic/pgf/frontendlayer/tikz/librarie
s/tikzlibraryshapes.callouts.code.tex
(/usr/local/texlive/2008/texmf-dist/tex/generic/pgf/libraries/pgflibraryshapes.
callouts.code.tex))
(/usr/local/texlive/2008/texmf-dist/tex/generic/pgf/frontendlayer/tikz/librarie
s/tikzlibraryshapes.multipart.code.tex
File: tikzlibraryshapes.multipart.code.tex 2008/01/09 v2.00 (rcs-revision 1.1)

(/usr/local/texlive/2008/texmf-dist/tex/generic/pgf/libraries/pgflibraryshapes.
multipart.code.tex
File: pgflibraryshapes.multipart.code.tex 2008/01/15 v2.00 (rcs-revision 1.7)
\pgfnodepartlowerbox=\box65
\pgfnodepartsecondbox=\box66
\pgfnodepartthirdbox=\box67
\pgfnodepartfourthbox=\box68
)))
(/usr/local/texlive/2008/texmf-dist/tex/generic/pgf/frontendlayer/tikz/librarie
s/tikzlibraryarrows.code.tex
File: tikzlibraryarrows.code.tex 2008/01/09 v2.00 (rcs-revision 1.1)

(/usr/local/texlive/2008/texmf-dist/tex/generic/pgf/libraries/pgflibraryarrows.
code.tex
File: pgflibraryarrows.code.tex 2007/06/07 v2.00 (rcs-revision 1.7)
)) (/usr/local/texlive/2008/texmf-dist/tex/latex/etoolbox/etoolbox.sty
Package: etoolbox 2008/06/28 v1.7 e-TeX tools for LaTeX

(/usr/local/texlive/2008/texmf-dist/tex/latex/etex-pkg/etex.sty
Package: etex 1998/03/26 v2.0 eTeX basic definition package (PEB)
\et@xins=\count139
))
(/usr/local/texlive/2008/texmf-dist/tex/latex/supertabular/supertabular.sty
Package: supertabular 2004/02/20 v4.1e the supertabular environment
\c@tracingst=\count140
\ST@wd=\dimen178
\ST@rightskip=\skip56
\ST@leftskip=\skip57
\ST@parfillskip=\skip58
\ST@pageleft=\dimen179
\ST@headht=\dimen180
\ST@tailht=\dimen181
\ST@pagesofar=\dimen182
\ST@pboxht=\dimen183
\ST@lineht=\dimen184
\ST@stretchht=\dimen185
\ST@prevht=\dimen186
\ST@toadd=\dimen187
\ST@dimen=\dimen188
\ST@pbox=\box69
)
(/usr/local/texlive/2008/texmf-dist/tex/latex/microtype/microtype.sty
Package: microtype 2008/06/04 v2.3b Micro-typography with pdfTeX (RS)
\MT@toks=\toks33
\MT@count=\count141
LaTeX Info: Redefining \lsstyle on input line 1553.
LaTeX Info: Redefining \lslig on input line 1553.
\MT@outer@space=\skip59
LaTeX Info: Redefining \textls on input line 1554.
\MT@outer@kern=\dimen189
LaTeX Info: Redefining \textmicrotypecontext on input line 2094.
Package microtype Info: Loading configuration file microtype.cfg.

(/usr/local/texlive/2008/texmf-dist/tex/latex/microtype/microtype.cfg
File: microtype.cfg 2008/06/04 v2.3b microtype main configuration file (RS)
))
(/usr/local/texlive/2008/texmf-dist/tex/latex/colortbl/colortbl.sty
Package: colortbl 2001/02/13 v0.1j Color table columns (DPC)
\everycr=\toks34
\minrowclearance=\skip60
)
(/usr/local/texlive/2008/texmf-dist/tex/latex/hyperref/hyperref.sty
Package: hyperref 2008/08/14 v6.78f Hypertext links for LaTeX

(/usr/local/texlive/2008/texmf-dist/tex/generic/oberdiek/ifvtex.sty
Package: ifvtex 2007/09/09 v1.3 Switches for detecting VTeX and its modes (HO)
Package ifvtex Info: VTeX not detected.
)
(/usr/local/texlive/2008/texmf-dist/tex/generic/ifxetex/ifxetex.sty
Package: ifxetex 2006/08/21 v0.3 Provides ifxetex conditional
)
(/usr/local/texlive/2008/texmf-dist/tex/latex/oberdiek/hycolor.sty
Package: hycolor 2008/08/01 v1.3 Code for color options of hyperref/bookmark (H
O)

(/usr/local/texlive/2008/texmf-dist/tex/latex/oberdiek/xcolor-patch.sty
Package: xcolor-patch 2008/08/01 xcolor patch
))
\@linkdim=\dimen190
\Hy@linkcounter=\count142
\Hy@pagecounter=\count143

(/usr/local/texlive/2008/texmf-dist/tex/latex/hyperref/pd1enc.def
File: pd1enc.def 2008/08/14 v6.78f Hyperref: PDFDocEncoding definition (HO)
)
(/usr/local/texlive/2008/texmf-dist/tex/generic/oberdiek/etexcmds.sty
Package: etexcmds 2007/12/12 v1.2 Prefix for e-TeX command names (HO)
Package etexcmds Info: Could not find \expanded.
(etexcmds)             That can mean that you are not using pdfTeX 1.50 or
(etexcmds)             that some package has redefined \expanded.
(etexcmds)             In the latter case, load this package earlier.
)
(/usr/local/texlive/2008/texmf/tex/latex/config/hyperref.cfg
File: hyperref.cfg 2002/06/06 v1.2 hyperref configuration of TeXLive
)
Package hyperref Info: Option `unicode' set `true' on input line 2765.

(/usr/local/texlive/2008/texmf-dist/tex/latex/hyperref/puenc.def
File: puenc.def 2008/08/14 v6.78f Hyperref: PDF Unicode definition (HO)
)
Package hyperref Info: Option `final' set `true' on input line 2765.
Package hyperref Info: Option `pdffitwindow' set `true' on input line 2765.
Package hyperref Info: Option `pdfpagelabels' set `true' on input line 2765.
Package hyperref Info: Option `breaklinks' set `true' on input line 2765.
Package hyperref Info: Option `colorlinks' set `true' on input line 2765.
Package hyperref Info: Hyper figures OFF on input line 2876.
Package hyperref Info: Link nesting OFF on input line 2881.
Package hyperref Info: Hyper index ON on input line 2884.
Package hyperref Info: Plain pages OFF on input line 2891.
Package hyperref Info: Backreferencing OFF on input line 2896.

Implicit mode ON; LaTeX internals redefined
Package hyperref Info: Bookmarks ON on input line 3086.
LaTeX Info: Redefining \url on input line 3272.
(/usr/local/texlive/2008/texmf-dist/tex/generic/oberdiek/bitset.sty
Package: bitset 2007/09/28 v1.0 Data type bit set (HO)

(/usr/local/texlive/2008/texmf-dist/tex/generic/oberdiek/intcalc.sty
Package: intcalc 2007/09/27 v1.1 Expandable integer calculations (HO)
)
(/usr/local/texlive/2008/texmf-dist/tex/generic/oberdiek/bigintcalc.sty
Package: bigintcalc 2007/11/11 v1.1 Expandable big integer calculations (HO)
))
(/usr/local/texlive/2008/texmf-dist/tex/generic/oberdiek/kvsetkeys.sty
Package: kvsetkeys 2007/09/29 v1.3 Key value parser with default handler suppor
t (HO)
)
\Fld@menulength=\count144
\Field@Width=\dimen191
\Fld@charsize=\dimen192
\Field@toks=\toks35
Package hyperref Info: Hyper figures OFF on input line 4189.
Package hyperref Info: Link nesting OFF on input line 4194.
Package hyperref Info: Hyper index ON on input line 4197.
Package hyperref Info: backreferencing OFF on input line 4204.
Package hyperref Info: Link coloring ON on input line 4207.
Package hyperref Info: Link coloring with OCG OFF on input line 4214.
Package hyperref Info: PDF/A mode OFF on input line 4219.

(/usr/local/texlive/2008/texmf-dist/tex/generic/oberdiek/atbegshi.sty
Package: atbegshi 2008/07/31 v1.9 At begin shipout hook (HO)
)
\Hy@abspage=\count145
\c@Item=\count146
\c@Hfootnote=\count147
)
*hyperref using driver hpdftex*
(/usr/local/texlive/2008/texmf-dist/tex/latex/hyperref/hpdftex.def
File: hpdftex.def 2008/08/14 v6.78f Hyperref driver for pdfTeX
\Fld@listcount=\count148
)
(/usr/local/texlive/2008/texmf-dist/tex/latex/tools/showkeys.sty
Package: showkeys 2006/01/09 v3.13 Show cite and label keys (DPC)
))

Package hyperref Warning: Token not allowed in a PDF string (Unicode),
(hyperref)                removing `math shift' on input line 225.


Package hyperref Warning: Token not allowed in a PDF string (Unicode),
(hyperref)                removing `superscript' on input line 225.


Package hyperref Warning: Token not allowed in a PDF string (Unicode),
(hyperref)                removing `superscript' on input line 225.


Package hyperref Warning: Token not allowed in a PDF string (Unicode),
(hyperref)                removing `math shift' on input line 225.

(./tracking.groundstation.budget.aux)
\openout1 = `tracking.groundstation.budget.aux'.

LaTeX Font Info:    Checking defaults for OML/cmm/m/it on input line 232.
LaTeX Font Info:    ... okay on input line 232.
LaTeX Font Info:    Checking defaults for T1/cmr/m/n on input line 232.
LaTeX Font Info:    ... okay on input line 232.
LaTeX Font Info:    Checking defaults for OT1/cmr/m/n on input line 232.
LaTeX Font Info:    ... okay on input line 232.
LaTeX Font Info:    Checking defaults for OMS/cmsy/m/n on input line 232.
LaTeX Font Info:    ... okay on input line 232.
LaTeX Font Info:    Checking defaults for OMX/cmex/m/n on input line 232.
LaTeX Font Info:    ... okay on input line 232.
LaTeX Font Info:    Checking defaults for U/cmr/m/n on input line 232.
LaTeX Font Info:    ... okay on input line 232.
LaTeX Font Info:    Checking defaults for MDA/cmr/m/n on input line 232.
LaTeX Font Info:    Try loading font information for MDA+cmr on input line 232.


(/usr/local/texlive/2008/texmf-dist/tex/latex/mathdesign/mdacmr.fd
File: mdacmr.fd 
)
LaTeX Font Info:    ... okay on input line 232.
LaTeX Font Info:    Checking defaults for MDB/cmr/m/n on input line 232.
LaTeX Font Info:    Try loading font information for MDB+cmr on input line 232.


(/usr/local/texlive/2008/texmf-dist/tex/latex/mathdesign/mdbcmr.fd
File: mdbcmr.fd 
)
LaTeX Font Info:    ... okay on input line 232.
LaTeX Font Info:    Checking defaults for PD1/pdf/m/n on input line 232.
LaTeX Font Info:    ... okay on input line 232.
LaTeX Font Info:    Checking defaults for PU/pdf/m/n on input line 232.
LaTeX Font Info:    ... okay on input line 232.

(/usr/local/texlive/2008/texmf-dist/tex/latex/ucs/ucsencs.def
File: ucsencs.def 2003/11/29 Fixes to fontencodings LGR, T3
)
(/usr/local/texlive/2008/texmf-dist/tex/context/base/supp-pdf.tex
[Loading MPS to PDF converter (version 2006.09.02).]
\scratchcounter=\count149
\scratchdimen=\dimen193
\scratchbox=\box70
\nofMPsegments=\count150
\nofMParguments=\count151
\everyMPshowfont=\toks36
\MPscratchCnt=\count152
\MPscratchDim=\dimen194
\MPnumerator=\count153
\everyMPtoPDFconversion=\toks37
)
Package caption Info: Begin \AtBeginDocument code.
Package caption3 Info: subfig package 1.2 or 1.3 is loaded.
LaTeX Info: Redefining \subref on input line 232.
Package caption Info: hyperref package is loaded.
Package caption Info: supertabular package is loaded.
Package caption Info: End \AtBeginDocument code.
LaTeX Info: Redefining \microtypecontext on input line 232.
Package microtype Info: Generating PDF output.
Package microtype Info: Character protrusion enabled (level 2).
Package microtype Info: Using default protrusion set `alltext'.
Package microtype Info: Automatic font expansion enabled (level 2),
(microtype)             stretch: 20, shrink: 20, step: 4, non-selected.
Package microtype Info: Using default expansion set `basictext'.
Package microtype Info: No tracking.
Package microtype Info: No adjustment of interword spacing.
Package microtype Info: No adjustment of character kerning.
Package hyperref Info: Link coloring ON on input line 232.
 (/usr/local/texlive/2008/texmf-dist/tex/latex/hyperref/nameref.sty
Package: nameref 2007/05/29 v2.31 Cross-referencing by name of section
\c@section@level=\count154
)
LaTeX Info: Redefining \ref on input line 232.
LaTeX Info: Redefining \pageref on input line 232.

(./tracking.groundstation.budget.out) (./tracking.groundstation.budget.out)
\@outlinefile=\write4
\openout4 = `tracking.groundstation.budget.out'.

\AtBeginShipoutBox=\box71
LaTeX Font Info:    Font shape `T1/mdput/m/n' will be
(Font)              scaled to size 15.89755pt on input line 241.
LaTeX Font Info:    Font shape `OT1/mdput/m/n' will be
(Font)              scaled to size 15.89755pt on input line 241.
LaTeX Font Info:    Font shape `OT1/mdput/m/n' will be
(Font)              scaled to size 11.03998pt on input line 241.
LaTeX Font Info:    Font shape `OT1/mdput/m/n' will be
(Font)              scaled to size 9.19998pt on input line 241.
LaTeX Font Info:    Try loading font information for OML+mdput on input line 24
1.

(/usr/local/texlive/2008/texmf-dist/tex/latex/mathdesign/mdput/omlmdput.fd
File: omlmdput.fd 2006/01/29 Fontinst v1.928 font definitions for OML/mdput.
)
LaTeX Font Info:    Font shape `OML/mdput/m/it' will be
(Font)              scaled to size 15.89755pt on input line 241.
LaTeX Font Info:    Font shape `OML/mdput/m/it' will be
(Font)              scaled to size 11.03998pt on input line 241.
LaTeX Font Info:    Font shape `OML/mdput/m/it' will be
(Font)              scaled to size 9.19998pt on input line 241.
LaTeX Font Info:    Try loading font information for OMS+mdput on input line 24
1.

(/usr/local/texlive/2008/texmf-dist/tex/latex/mathdesign/mdput/omsmdput.fd
File: omsmdput.fd 2006/01/29 Fontinst v1.928 font definitions for OMS/mdput.
)
LaTeX Font Info:    Font shape `OMS/mdput/m/n' will be
(Font)              scaled to size 15.89755pt on input line 241.
LaTeX Font Info:    Font shape `OMS/mdput/m/n' will be
(Font)              scaled to size 11.03998pt on input line 241.
LaTeX Font Info:    Font shape `OMS/mdput/m/n' will be
(Font)              scaled to size 9.19998pt on input line 241.
LaTeX Font Info:    Try loading font information for OMX+mdput on input line 24
1.

(/usr/local/texlive/2008/texmf-dist/tex/latex/mathdesign/mdput/omxmdput.fd
File: omxmdput.fd 2006/01/29 Fontinst v1.928 font definitions for OMX/mdput.
)
LaTeX Font Info:    Font shape `OMX/mdput/m/n' will be
(Font)              scaled to size 15.89755pt on input line 241.
LaTeX Font Info:    Font shape `OMX/mdput/m/n' will be
(Font)              scaled to size 11.03998pt on input line 241.
LaTeX Font Info:    Font shape `OMX/mdput/m/n' will be
(Font)              scaled to size 9.19998pt on input line 241.
LaTeX Font Info:    Try loading font information for U+wasy on input line 241.

(/usr/local/texlive/2008/texmf-dist/tex/latex/wasysym/uwasy.fd
File: uwasy.fd 2003/10/30 v2.0 Wasy-2 symbol font definitions
)
LaTeX Font Info:    Font shape `OML/mdput/m/n' will be
(Font)              scaled to size 15.89755pt on input line 241.
LaTeX Font Info:    Font shape `OML/mdput/m/n' will be
(Font)              scaled to size 11.03998pt on input line 241.
LaTeX Font Info:    Font shape `OML/mdput/m/n' will be
(Font)              scaled to size 9.19998pt on input line 241.
LaTeX Font Info:    Try loading font information for MDA+mdput on input line 24
1.

(/usr/local/texlive/2008/texmf-dist/tex/latex/mathdesign/mdput/mdamdput.fd
File: mdamdput.fd 2006/01/29 Fontinst v1.928 font definitions for MDA/mdput.
)
LaTeX Font Info:    Font shape `MDA/mdput/m/n' will be
(Font)              scaled to size 15.89755pt on input line 241.
LaTeX Font Info:    Font shape `MDA/mdput/m/n' will be
(Font)              scaled to size 11.03998pt on input line 241.
LaTeX Font Info:    Font shape `MDA/mdput/m/n' will be
(Font)              scaled to size 9.19998pt on input line 241.
LaTeX Font Info:    Try loading font information for MDB+mdput on input line 24
1.

(/usr/local/texlive/2008/texmf-dist/tex/latex/mathdesign/mdput/mdbmdput.fd
File: mdbmdput.fd 2006/01/29 Fontinst v1.928 font definitions for MDB/mdput.
)
LaTeX Font Info:    Font shape `MDB/mdput/m/n' will be
(Font)              scaled to size 15.89755pt on input line 241.
LaTeX Font Info:    Font shape `MDB/mdput/m/n' will be
(Font)              scaled to size 11.03998pt on input line 241.
LaTeX Font Info:    Font shape `MDB/mdput/m/n' will be
(Font)              scaled to size 9.19998pt on input line 241.
LaTeX Font Info:    Font shape `OT1/mdput/b/n' will be
(Font)              scaled to size 15.89755pt on input line 241.
LaTeX Font Info:    Font shape `OT1/mdput/b/n' will be
(Font)              scaled to size 11.03998pt on input line 241.
LaTeX Font Info:    Font shape `OT1/mdput/b/n' will be
(Font)              scaled to size 9.19998pt on input line 241.
LaTeX Font Info:    Font shape `OML/mdput/b/it' will be
(Font)              scaled to size 15.89755pt on input line 241.
LaTeX Font Info:    Font shape `OML/mdput/b/it' will be
(Font)              scaled to size 11.03998pt on input line 241.
LaTeX Font Info:    Font shape `OML/mdput/b/it' will be
(Font)              scaled to size 9.19998pt on input line 241.
LaTeX Font Info:    Font shape `OMS/mdput/b/n' will be
(Font)              scaled to size 15.89755pt on input line 241.
LaTeX Font Info:    Font shape `OMS/mdput/b/n' will be
(Font)              scaled to size 11.03998pt on input line 241.
LaTeX Font Info:    Font shape `OMS/mdput/b/n' will be
(Font)              scaled to size 9.19998pt on input line 241.
LaTeX Font Info:    Font shape `OMX/mdput/b/n' will be
(Font)              scaled to size 15.89755pt on input line 241.
LaTeX Font Info:    Font shape `OMX/mdput/b/n' will be
(Font)              scaled to size 11.03998pt on input line 241.
LaTeX Font Info:    Font shape `OMX/mdput/b/n' will be
(Font)              scaled to size 9.19998pt on input line 241.
LaTeX Font Info:    Font shape `T1/mdput/m/n' will be
(Font)              scaled to size 11.03998pt on input line 241.
LaTeX Font Info:    Font shape `OT1/mdput/m/n' will be
(Font)              scaled to size 7.35999pt on input line 241.
LaTeX Font Info:    Font shape `OT1/mdput/m/n' will be
(Font)              scaled to size 5.51999pt on input line 241.
LaTeX Font Info:    Font shape `OML/mdput/m/it' will be
(Font)              scaled to size 7.35999pt on input line 241.
LaTeX Font Info:    Font shape `OML/mdput/m/it' will be
(Font)              scaled to size 5.51999pt on input line 241.
LaTeX Font Info:    Font shape `OMS/mdput/m/n' will be
(Font)              scaled to size 7.35999pt on input line 241.
LaTeX Font Info:    Font shape `OMS/mdput/m/n' will be
(Font)              scaled to size 5.51999pt on input line 241.
LaTeX Font Info:    Font shape `OMX/mdput/m/n' will be
(Font)              scaled to size 7.35999pt on input line 241.
LaTeX Font Info:    Font shape `OMX/mdput/m/n' will be
(Font)              scaled to size 5.51999pt on input line 241.
LaTeX Font Info:    Font shape `OML/mdput/m/n' will be
(Font)              scaled to size 7.35999pt on input line 241.
LaTeX Font Info:    Font shape `OML/mdput/m/n' will be
(Font)              scaled to size 5.51999pt on input line 241.
LaTeX Font Info:    Font shape `MDA/mdput/m/n' will be
(Font)              scaled to size 7.35999pt on input line 241.
LaTeX Font Info:    Font shape `MDA/mdput/m/n' will be
(Font)              scaled to size 5.51999pt on input line 241.
LaTeX Font Info:    Font shape `MDB/mdput/m/n' will be
(Font)              scaled to size 7.35999pt on input line 241.
LaTeX Font Info:    Font shape `MDB/mdput/m/n' will be
(Font)              scaled to size 5.51999pt on input line 241.
LaTeX Font Info:    Font shape `OT1/mdput/b/n' will be
(Font)              scaled to size 7.35999pt on input line 241.
LaTeX Font Info:    Font shape `OT1/mdput/b/n' will be
(Font)              scaled to size 5.51999pt on input line 241.
LaTeX Font Info:    Font shape `OML/mdput/b/it' will be
(Font)              scaled to size 7.35999pt on input line 241.
LaTeX Font Info:    Font shape `OML/mdput/b/it' will be
(Font)              scaled to size 5.51999pt on input line 241.
LaTeX Font Info:    Font shape `OMS/mdput/b/n' will be
(Font)              scaled to size 7.35999pt on input line 241.
LaTeX Font Info:    Font shape `OMS/mdput/b/n' will be
(Font)              scaled to size 5.51999pt on input line 241.
LaTeX Font Info:    Font shape `OMX/mdput/b/n' will be
(Font)              scaled to size 7.35999pt on input line 241.
LaTeX Font Info:    Font shape `OMX/mdput/b/n' will be
(Font)              scaled to size 5.51999pt on input line 241.
LaTeX Font Info:    Font shape `T1/mdput/m/n' will be
(Font)              scaled to size 7.35999pt on input line 241.
LaTeX Font Info:    Font shape `OT1/mdput/m/n' will be
(Font)              scaled to size 4.59999pt on input line 241.
LaTeX Font Info:    Font shape `OML/mdput/m/it' will be
(Font)              scaled to size 4.59999pt on input line 241.
LaTeX Font Info:    Font shape `OMS/mdput/m/n' will be
(Font)              scaled to size 4.59999pt on input line 241.
LaTeX Font Info:    Font shape `OMX/mdput/m/n' will be
(Font)              scaled to size 4.59999pt on input line 241.
LaTeX Font Info:    Font shape `OML/mdput/m/n' will be
(Font)              scaled to size 4.59999pt on input line 241.
LaTeX Font Info:    Font shape `MDA/mdput/m/n' will be
(Font)              scaled to size 4.59999pt on input line 241.
LaTeX Font Info:    Font shape `MDB/mdput/m/n' will be
(Font)              scaled to size 4.59999pt on input line 241.
LaTeX Font Info:    Font shape `OT1/mdput/b/n' will be
(Font)              scaled to size 4.59999pt on input line 241.
LaTeX Font Info:    Font shape `OML/mdput/b/it' will be
(Font)              scaled to size 4.59999pt on input line 241.
LaTeX Font Info:    Font shape `OMS/mdput/b/n' will be
(Font)              scaled to size 4.59999pt on input line 241.
LaTeX Font Info:    Font shape `OMX/mdput/b/n' will be
(Font)              scaled to size 4.59999pt on input line 241.
LaTeX Font Info:    Font shape `T1/mdput/m/n' will be
(Font)              scaled to size 8.27998pt on input line 241.
LaTeX Font Info:    Font shape `OT1/mdput/m/n' will be
(Font)              scaled to size 8.27998pt on input line 241.
LaTeX Font Info:    Font shape `OML/mdput/m/it' will be
(Font)              scaled to size 8.27998pt on input line 241.
LaTeX Font Info:    Font shape `OMS/mdput/m/n' will be
(Font)              scaled to size 8.27998pt on input line 241.
LaTeX Font Info:    Font shape `OMX/mdput/m/n' will be
(Font)              scaled to size 8.27998pt on input line 241.
LaTeX Font Info:    Font shape `OML/mdput/m/n' will be
(Font)              scaled to size 8.27998pt on input line 241.
LaTeX Font Info:    Font shape `MDA/mdput/m/n' will be
(Font)              scaled to size 8.27998pt on input line 241.
LaTeX Font Info:    Font shape `MDB/mdput/m/n' will be
(Font)              scaled to size 8.27998pt on input line 241.
LaTeX Font Info:    Font shape `OT1/mdput/b/n' will be
(Font)              scaled to size 8.27998pt on input line 241.
LaTeX Font Info:    Font shape `OML/mdput/b/it' will be
(Font)              scaled to size 8.27998pt on input line 241.
LaTeX Font Info:    Font shape `OMS/mdput/b/n' will be
(Font)              scaled to size 8.27998pt on input line 241.
LaTeX Font Info:    Font shape `OMX/mdput/b/n' will be
(Font)              scaled to size 8.27998pt on input line 241.
LaTeX Font Info:    Font shape `T1/mdput/m/n' will be
(Font)              scaled to size 5.51999pt on input line 241.

(./tracking.groundstation.budget.details.tex)
Package placeins Info: No floats held, on input line 246.
LaTeX Font Info:    Font shape `T1/mdput/m/n' will be
(Font)              scaled to size 13.24796pt on input line 246.
LaTeX Font Info:    Font shape `T1/mdput/bx/n' in size <14.4> not available
(Font)              Font shape `T1/mdput/b/n' tried instead on input line 246.
LaTeX Font Info:    Font shape `T1/mdput/b/n' will be
(Font)              scaled to size 13.24796pt on input line 246.
LaTeX Font Info:    Font shape `OML/mdput/m/it' will be
(Font)              scaled to size 10.07397pt on input line 248.
LaTeX Font Info:    Font shape `OMS/mdput/m/n' will be
(Font)              scaled to size 10.07397pt on input line 248.
LaTeX Font Info:    Font shape `OMX/mdput/m/n' will be
(Font)              scaled to size 10.07397pt on input line 248.
LaTeX Font Info:    Font shape `OML/mdput/m/n' will be
(Font)              scaled to size 10.07397pt on input line 248.
LaTeX Font Info:    Font shape `MDA/mdput/m/n' will be
(Font)              scaled to size 10.07397pt on input line 248.
LaTeX Font Info:    Font shape `MDB/mdput/m/n' will be
(Font)              scaled to size 10.07397pt on input line 248.
LaTeX Font Info:    Font shape `OT1/mdput/b/n' will be
(Font)              scaled to size 10.07397pt on input line 248.
LaTeX Font Info:    Font shape `OML/mdput/b/it' will be
(Font)              scaled to size 10.07397pt on input line 248.
LaTeX Font Info:    Font shape `OMS/mdput/b/n' will be
(Font)              scaled to size 10.07397pt on input line 248.
LaTeX Font Info:    Font shape `OMX/mdput/b/n' will be
(Font)              scaled to size 10.07397pt on input line 248.
Package acronym Info: Label `acro:LEO' newly defined as it shall be overridden
although it is yet undefined on input line 248.
Package acronym Info: Label `acro:SSE' newly defined as it shall be overridden
although it is yet undefined on input line 248.
Package acronym Info: Label `acro:EWI' newly defined as it shall be overridden
although it is yet undefined on input line 248.
Package acronym Info: Label `acro:SDR' newly defined as it shall be overridden
although it is yet undefined on input line 248.
Package acronym Info: Label `acro:GPS' newly defined as it shall be overridden
although it is yet undefined on input line 248.
LaTeX Font Info:    Font shape `T1/mdput/m/it' will be
(Font)              scaled to size 10.07397pt on input line 250.
Package acronym Info: Label `acro:TLE' newly defined as it shall be overridden
although it is yet undefined on input line 250.
Package acronym Info: Label `acro:POD' newly defined as it shall be overridden
although it is yet undefined on input line 252.
Package placeins Info: No floats held, on input line 256.
Package acronym Info: Label `acro:ASM' newly defined as it shall be overridden
although it is yet undefined on input line 258.
 [1

{/usr/local/texlive/2008/texmf-var/fonts/map/pdftex/updmap/pdftex.map}
Package placeins Info: Float barrier, from input line 246, processed on page 1,
 lands on page 1. 
Package placeins Info: Float barrier, from input line 256, processed on page 1,
 lands on page 1. 
]
LaTeX Font Info:    Font shape `T1/mdput/bx/n' in size <12> not available
(Font)              Font shape `T1/mdput/b/n' tried instead on input line 262.
LaTeX Font Info:    Font shape `T1/mdput/b/n' will be
(Font)              scaled to size 11.03998pt on input line 262.
 [2]
Package placeins Info: No floats held, on input line 290.
Package acronym Info: Label `acro:WAV' newly defined as it shall be overridden
although it is yet undefined on input line 296.
Package acronym Info: Label `acro:TUDAT' newly defined as it shall be overridde
n
although it is yet undefined on input line 298.
 [3
Package placeins Info: Float barrier, from input line 290, processed on page 3,
 lands on page 3. 
]
Package acronym Info: Label `acro:LNA' newly defined as it shall be overridden
although it is yet undefined on input line 310.
Package acronym Info: Label `acro:RF' newly defined as it shall be overridden
although it is yet undefined on input line 311.
Package acronym Info: Label `acro:IF' newly defined as it shall be overridden
although it is yet undefined on input line 311.
Package acronym Info: Label `acro:ADC' newly defined as it shall be overridden
although it is yet undefined on input line 312.
Package acronym Info: Label `acro:I/Q' newly defined as it shall be overridden
although it is yet undefined on input line 312.
Package acronym Info: Label `acro:LAN' newly defined as it shall be overridden
although it is yet undefined on input line 312.
LaTeX Font Info:    Font shape `T1/cmtt/m/n' will be
(Font)              scaled to size 9.42297pt on input line 325.
\c@nouserinterv=\count155
 [4] [5]
Package placeins Info: No floats held, on input line 381.
Package acronym Info: Label `acro:VHF' newly defined as it shall be overridden
although it is yet undefined on input line 399.
Package acronym Info: Label `acro:UHF' newly defined as it shall be overridden
although it is yet undefined on input line 399.

Overfull \hbox (8.21355pt too wide) in paragraph at lines 399--400
\T1/mdput/m/n/10.95 (-20) tenna (or [][][]Ultra High Frequency[] ([][]UHF[][][]
)[] band, at around $[] []$). The $[]$  pro-
 []

<LNA.png, id=257, 172.645pt x 125.46875pt>
File: LNA.png Graphic file (type png)
 <use LNA.png> [6
Package placeins Info: Float barrier, from input line 381, processed on page 6,
 lands on page 6. 
]
Underfull \hbox (badness 10000) in paragraph at lines 429--429
[][][]\T1/mdput/m/n/9 (+20) Further de-tails: [][]$\T1/cmtt/m/n/9 http : / / sh
op . boger . de / index . php ? page = shop . product _
 []


Underfull \hbox (badness 10000) in paragraph at lines 429--429
\T1/cmtt/m/n/9 details&flypage = flypage _ images . tpl&product _ id = 740&cate
gory _ id =
 []

[7 <./LNA.png (PNG copy)>]
Package acronym Info: Label `acro:USB' newly defined as it shall be overridden
although it is yet undefined on input line 435.
Package acronym Info: Label `acro:PC' newly defined as it shall be overridden
although it is yet undefined on input line 435.

Underfull \hbox (badness 10000) in paragraph at lines 436--436
[][][]\T1/mdput/m/n/9 (+20) Further de-tails: [][]$\T1/cmtt/m/n/9 http : / / sh
op . boger . de / index . php ? page = shop . product _
 []


Underfull \hbox (badness 10000) in paragraph at lines 436--436
\T1/cmtt/m/n/9 details&flypage = flypage _ images . tpl&product _ id = 749&cate
gory _ id =
 []

<radio.png, id=293, 1351.0475pt x 798.985pt>
File: radio.png Graphic file (type png)
 <use radio.png>
Package acronym Info: Label `acro:pps' newly defined as it shall be overridden
although it is yet undefined on input line 456.

<sdr.png, id=305, 341.275pt x 281.05pt>
File: sdr.png Graphic file (type png)
 <use sdr.png> [8 <./radio.png (PNG copy)>]
Underfull \hbox (badness 10000) in paragraph at lines 495--495
[][][]\T1/mdput/m/n/9 (+20) Further de-tails: [][]$\T1/cmtt/m/n/9 http : / / ww
w . spectracomcorp . com / ProductsServices /
 []


Underfull \hbox (badness 10000) in paragraph at lines 495--495
\T1/cmtt/m/n/9 TimingSynchronization / GPSTimeFrequencyReferences / EC20SEpsilo
nGPSClock /
 []

Package acronym Info: Label `acro:L1' newly defined as it shall be overridden
although it is yet undefined on input line 498.
Package acronym Info: Label `acro:C/A-code' newly defined as it shall be overri
dden
although it is yet undefined on input line 498.

Overfull \hbox (13.4632pt too wide) in paragraph at lines 498--499
[][][]\T1/mdput/m/n/10.95 (-20) GPS[][][][] 12 chan-nel re-cep-tion on [][][]$[
] []$ [][]GPS[][][][] carrier[] ([][]L1[][][])[] [][][]Coarse/Acquisition
 []

[9 <./sdr.png (PNG copy)>]
Package acronym Info: Label `acro:UTC' newly defined as it shall be overridden
although it is yet undefined on input line 499.
Package acronym Info: Label `acro:NTP' newly defined as it shall be overridden
although it is yet undefined on input line 505.
 <clock.png, id=351, 1650.165pt x 524.96124pt>
File: clock.png Graphic file (type png)

<use clock.png>
Package acronym Info: Label `acro:OS' newly defined as it shall be overridden
although it is yet undefined on input line 524.

Overfull \hbox (1.9038pt too wide) in paragraph at lines 570--571
 []|\T1/mdput/m/n/10.95 (-20) 1000/year|
 []


Overfull \hbox (1.9038pt too wide) in paragraph at lines 571--572
 []|\T1/mdput/m/n/10.95 (-20) 1000/year|
 []


Overfull \hbox (0.98029pt too wide) in paragraph at lines 540--577
 [][] 
 []

[10 <./clock.png (PNG copy)>] [11]
Package placeins Info: No floats held, on input line 582.
Package acronym Info: Label `acro:BASH' newly defined as it shall be overridden

although it is yet undefined on input line 589.
Package acronym Info: Label `acro:MATLAB' newly defined as it shall be overridd
en
although it is yet undefined on input line 590.
Package placeins Info: No floats held, on input line 595.
LaTeX Font Info:    Font shape `T1/mdput/bx/n' in size <10.95> not available
(Font)              Font shape `T1/mdput/b/n' tried instead on input line 600.
LaTeX Font Info:    Font shape `T1/mdput/b/n' will be
(Font)              scaled to size 10.07397pt on input line 600.
 [12

Package placeins Info: Float barrier, from input line 582, processed on page 12
, lands on page 12. 
Package placeins Info: Float barrier, from input line 595, processed on page 12
, lands on page 12. 
]
Package placeins Info: No floats held, on input line 607.

Underfull \hbox (badness 10000) in paragraph at lines 620--620
[]|[][]$\T1/cmtt/m/n/9 http : / / www . ssb . de / index . php ? cat = c399 _ -
[]-[]-[]up-[]to-[]100W .
 []


Underfull \hbox (badness 10000) in paragraph at lines 621--621
[]|[][]$\T1/cmtt/m/n/9 http : / / shop . boger . de / index . php ? page = shop
 . product _
 []


Underfull \hbox (badness 10000) in paragraph at lines 621--621
\T1/cmtt/m/n/9 details&flypage = flypage _ images . tpl&product _ id =
 []


Underfull \hbox (badness 10000) in paragraph at lines 621--621
\T1/cmtt/m/n/9 740&category _ id = 51&keyword = AR-[]5001&option = com _
 []


Underfull \hbox (badness 10000) in paragraph at lines 622--622
[]|[][]$\T1/cmtt/m/n/9 http : / / shop . boger . de / index . php ? page = shop
 . product _
 []


Underfull \hbox (badness 10000) in paragraph at lines 622--622
\T1/cmtt/m/n/9 details&flypage = flypage _ images . tpl&product _ id =
 []


Underfull \hbox (badness 10000) in paragraph at lines 622--622
\T1/cmtt/m/n/9 749&category _ id = 51&keyword = AS-[]5001&option = com _
 []


Underfull \hbox (badness 10000) in paragraph at lines 624--624
[]|[][]\T1/mdput/m/n/10.95 (+20) SDR[][][][] daughter-
 []


Underfull \hbox (badness 10000) in paragraph at lines 626--626
[]|[][]\T1/mdput/m/n/10.95 (+20) GPS[][][][]-disciplined
 []


Underfull \hbox (badness 10000) in paragraph at lines 626--626
[]|[][]$\T1/cmtt/m/n/9 http : / / www . spectracomcorp . com / ProductsServices
 /
 []


Underfull \hbox (badness 10000) in paragraph at lines 626--626
\T1/cmtt/m/n/9 TimingSynchronization / GPSTimeFrequencyReferences /
 []


Underfull \hbox (badness 10000) in paragraph at lines 627--627
[]|[][]\T1/mdput/m/n/10.95 (+20) UHF[][][][] omni-
 []


Underfull \hbox (badness 10000) in paragraph at lines 627--627
[]|[][]$\T1/cmtt/m/n/9 http : / / www . stecker-[]shop . net / shop / article _
 00881 /
 []


Underfull \hbox (badness 10000) in paragraph at lines 628--628
[]|[][]$\T1/cmtt/m/n/9 http : / / www . ssb . de / product _ info . php ? info 
= p1131 _
 []


Underfull \hbox (badness 10000) in paragraph at lines 629--629
[]|\T1/mdput/m/n/10.95 (+20) lightning pro-tec-
 []


Underfull \hbox (badness 10000) in paragraph at lines 629--629
[]|[][]$\T1/cmtt/m/n/9 http : / / www . ssb . de / product _ info . php ? info 
= p3594 _
 []


Overfull \hbox (45.91245pt too wide) in paragraph at lines 629--629
\T1/cmtt/m/n/9 Telegaertner-[]Lightning-[]Protector-[]N-[]FF-[]J01028B0045-[]w-
[]-[]Mountin .
 []


Underfull \hbox (badness 10000) in paragraph at lines 630--630
[]|[][]$\T1/cmtt/m/n/9 http : / / www . minicircuits . com / MCLStore /
 []


Underfull \hbox (badness 10000) in paragraph at lines 631--631
[]|[][]$\T1/cmtt/m/n/9 http : / / 217 . 34 . 103 . 131 / MCLStore / ModelInfoDi
splay ?
 []


Underfull \hbox (badness 10000) in paragraph at lines 632--632
[]|[][]$\T1/cmtt/m/n/9 http : / / h10010 . www1 . hp . com / wwpc / ca / en / s
m / WF04a /
 []


Underfull \hbox (badness 10000) in paragraph at lines 632--632
\T1/cmtt/m/n/9 12132708-[]12132884-[]12132884-[]12132884-[]80584512 . html ?
 []


Overfull \hbox (5.43306pt too wide) in paragraph at lines 616--634
 [][] 
 []

[13
Package placeins Info: Float barrier, from input line 607, processed on page 13
, lands on page 13. 
]
Package placeins Info: No floats held, on input line 645.
 (./acronyms.tex
LaTeX Font Info:    Font shape `T1/cmtt/m/n' will be
(Font)              scaled to size 11.4646pt on input line 102.

! Undefined control sequence.
l.125 \acrodefplural
                    {CPR}{Cycles Per Revolution}
? 
! Undefined control sequence.
l.131 \acrodefplural
                    {CV}{Curricula Vit\ae}
? 
! Undefined control sequence.
l.134 \acrodefplural
                    {DAS}{degree amplitude spectra}
? 
[14
Package placeins Info: Float barrier, from input line 645, processed on page 14
, lands on page 14. 
pdfTeX warning (ext4): destination with the same identifier (name{LNA}) has bee
n already used, duplicate ignored

\AtBegShi@Output ...ipout \box \AtBeginShipoutBox 
                                                  \fi \fi 
l.365 ...ulty of Aerospace Engineering, TU Delft}}
                                                  ]) [15]
Package placeins Info: No floats held, on input line 667.
 [16
Package placeins Info: Float barrier, from input line 667, processed on page 16
, lands on page 16. 
]
Package acronym Info: Label `acro:MATLAB' overridden on input line 710.
 [17] [18]
Package placeins Info: No floats held, on input line 714.


Package caption Warning: Unused \captionsetup[subfigure] on input line 53.

[19
Package placeins Info: Float barrier, from input line 714, processed on page 19
, lands on page 19. 
] (./tracking.groundstation.budget.aux) ) 
Here is how much of TeX's memory you used:
 19948 strings out of 493886
 336002 string characters out of 1151099
 496994 words of memory out of 3000000
 22495 multiletter control sequences out of 10000+50000
 171167 words of font info for 236 fonts, out of 3000000 for 5000
 714 hyphenation exceptions out of 8191
 49i,15n,56p,910b,673s stack positions out of 5000i,500n,10000p,200000b,50000s
{/usr/local/texlive/2008/texmf-dist/fo
nts/enc/dvips/cm-super/cm-super-t1.enc}{/usr/local/texlive/2008/texmf-dist/font
s/enc/dvips/base/texnansi.enc}</usr/local/texlive/2008/texmf-dist/fonts/type1/b
luesky/cm/cmss10.pfb></usr/local/texlive/2008/texmf-dist/fonts/type1/mathdesign
/mdput/md-utb8t.pfb></usr/local/texlive/2008/texmf-dist/fonts/type1/mathdesign/
mdput/md-utr7t.pfb></usr/local/texlive/2008/texmf-dist/fonts/type1/mathdesign/m
dput/md-utr7v.pfb></usr/local/texlive/2008/texmf-dist/fonts/type1/mathdesign/md
put/md-utr7y.pfb></usr/local/texlive/2008/texmf-dist/fonts/type1/mathdesign/mdp
ut/md-utr8t.pfb></usr/local/texlive/2008/texmf-dist/fonts/type1/mathdesign/mdpu
t/md-utri7m.pfb></usr/local/texlive/2008/texmf-dist/fonts/type1/mathdesign/mdpu
t/md-utrma.pfb></usr/local/texlive/2008/texmf-dist/fonts/type1/adobe/utopia/put
b8a.pfb></usr/local/texlive/2008/texmf-dist/fonts/type1/adobe/utopia/putr8a.pfb
></usr/local/texlive/2008/texmf-dist/fonts/type1/adobe/utopia/putri8a.pfb></usr
/local/texlive/2008/texmf-dist/fonts/type1/public/cm-super/sftt0900.pfb></usr/l
ocal/texlive/2008/texmf-dist/fonts/type1/public/cm-super/sftt1095.pfb>
Output written on tracking.groundstation.budget.pdf (19 pages, 1883357 bytes).
PDF statistics:
 596 PDF objects out of 1000 (max. 8388607)
 128 named destinations out of 1000 (max. 131072)
 51449 words of extra memory for PDF output out of 51595 (max. 10000000)

